phenotypes_definition.xls,	07-09-2007 14:44:30,	ethan
THT_Traits_All_Table.xls,	07-11-2007 14:49:57,	Ethan
phenotypes_definition.xls,	07-11-2007 15:03:16,	Ethan
THT_Traits_All_Table.xls,	07-11-2007 15:03:26,	Ethan
THT_Traits_All_Table.xls,	07-11-2007 15:49:27,	Ethan
THT_Traits_All_Table.xls,	07-12-2007 11:51:34,	Ethan
phenotypes_definition.xls,	07-12-2007 11:51:43,	Ethan
phenotypes_definition.xls,	07-12-2007 11:53:07,	Ethan
THT_Traits_All_Table.xls,	07-12-2007 12:03:12,	Ethan
THT_Traits_All_Table.xls,	07-12-2007 12:18:27,	Ethan
phenotypes_definition.xls,	07-12-2007 12:18:53,	Ethan
capcore_1h.xls,	07-13-2007 14:56:21,	sas2007
capcore_examplar.xls,	07-13-2007 14:56:36,	sas2007
capcore_examplar.xls,	07-13-2007 15:15:15,	sas2007
capcore_examplar.xls,	07-13-2007 15:51:02,	sas2007
capcore_nd_3.xls,	07-23-2007 13:34:28,	sas2007
capcore_2h.xls,	07-23-2007 13:57:18,	sas2007
capcore_examplar.xls,	07-23-2007 13:57:40,	sas2007
capcore_2h.xls,	07-23-2007 14:10:29,	sas2007
capcore_examplar.xls,	07-23-2007 14:10:49,	sas2007
capcore_2h.xls,	07-23-2007 14:22:12,	sas2007
capcore_examplar.xls,	07-23-2007 14:22:31,	sas2007
capcore_examplar.xls,	07-23-2007 14:28:14,	sas2007
capcore_1h.xls,	07-23-2007 14:31:37,	sas2007
capcore_examplar.xls,	07-23-2007 14:31:54,	sas2007
capcore_1h.xls,	07-23-2007 14:34:57,	sas2007
capcore_examplar.xls,	07-23-2007 14:35:09,	sas2007
capcore_1h.xls,	07-23-2007 14:39:11,	sas2007
capcore_examplar.xls,	07-23-2007 14:39:20,	sas2007
capcore_examplar.xls,	07-23-2007 14:41:59,	sas2007
capcore_2h.xls,	07-23-2007 15:40:32,	sas2007
capcore_examplar.xls,	07-23-2007 15:40:53,	sas2007
capcore_2h.xls,	07-23-2007 15:58:15,	sas2007
capcore_examplar.xls,	07-23-2007 15:58:27,	sas2007
capcore_3h.xls,	07-23-2007 16:09:39,	sas2007
capcore_examplar.xls,	07-23-2007 16:09:59,	sas2007
capcore_4h.xls,	07-23-2007 16:15:27,	sas2007
capcore_examplar.xls,	07-23-2007 16:15:39,	sas2007
capcore_5h.xls,	07-23-2007 16:19:25,	sas2007
capcore_examplar.xls,	07-23-2007 16:19:36,	sas2007
capcore_6h.xls,	07-23-2007 16:26:31,	sas2007
capcore_examplar.xls,	07-23-2007 16:26:42,	sas2007
capcore_7h.xls,	07-23-2007 16:29:56,	sas2007
capcore_examplar.xls,	07-23-2007 16:30:05,	sas2007
capcore_nd_1.xls,	07-23-2007 16:33:15,	sas2007
capcore_examplar.xls,	07-23-2007 16:33:31,	sas2007
capcore_examplar.xls,	07-23-2007 16:47:27,	sas2007
capcore_examplar.xls,	07-23-2007 16:52:25,	sas2007
capcore_examplar.xls,	07-23-2007 16:56:14,	sas2007
capcore_examplar.xls,	07-23-2007 16:57:55,	sas2007
capcore_examplar.xls,	07-23-2007 17:06:03,	sas2007
capcore_nd_1.xls,	07-23-2007 17:09:13,	sas2007
capcore_examplar.xls,	07-23-2007 17:09:23,	sas2007
capcore_nd_2.xls,	07-24-2007 10:42:09,	sas2007
capcore_examplar.xls,	07-24-2007 10:42:41,	sas2007
capcore_nd_3.xls,	07-24-2007 10:50:28,	sas2007
capcore_examplar.xls,	07-24-2007 10:50:46,	sas2007
capcore_examplar.xls,	07-24-2007 10:56:28,	sas2007
capcore_examplar.xls,	07-24-2007 10:59:05,	sas2007
capcore_nd_3.xls,	07-24-2007 11:03:50,	sas2007
capcore_examplar.xls,	07-24-2007 11:04:04,	sas2007
capcore_nd_3.xls,	07-24-2007 11:08:18,	sas2007
capcore_examplar.xls,	07-24-2007 11:08:33,	sas2007
capcore_nd_4.xls,	07-24-2007 11:10:25,	sas2007
capcore_examplar.xls,	07-24-2007 11:10:45,	sas2007
capcore_nd_5.xls,	07-24-2007 11:15:07,	sas2007
capcore_examplar.xls,	07-24-2007 11:15:24,	sas2007
capcore_6h.xls,	07-24-2007 11:20:02,	sas2007
capcore_examplar.xls,	07-24-2007 11:20:12,	sas2007
capcore_6h.xls,	07-24-2007 11:22:14,	sas2007
capcore_examplar.xls,	07-24-2007 11:22:26,	sas2007
capcore_nd_6.xls,	07-24-2007 11:24:12,	sas2007
capcore_examplar.xls,	07-24-2007 11:24:31,	sas2007
capcore_nd_7.xls,	07-24-2007 11:27:01,	sas2007
capcore_examplar.xls,	07-24-2007 11:27:15,	sas2007
VT06Warsaw_mn_fixed.xls,	07-25-2007 12:29:00,	sas2007
CAP_Fieldtrials_Def.xls,	07-25-2007 12:29:35,	sas2007
VT06Warsaw_mn_fixed.xls,	07-25-2007 13:07:55,	sas2007
CAP_Fieldtrials_Def.xls,	07-25-2007 13:08:07,	sas2007
VT06Warsaw_mn_fixed.xls,	07-25-2007 13:35:25,	sas2007
CAP_Fieldtrials_Def.xls,	07-25-2007 13:35:40,	sas2007
VT06Warsaw_mn_fixed.xls,	07-25-2007 13:41:40,	sas2007
CAP_Fieldtrials_Def.xls,	07-25-2007 13:41:54,	sas2007
CAP_Fieldtrials_Def.xls,	07-25-2007 13:46:35,	sas2007
VT06Warsaw_mn_fixed.xls,	07-25-2007 13:55:47,	sas2007
CAP_Fieldtrials_Def.xls,	07-25-2007 13:55:56,	sas2007
VT06Warsaw_mn_fixed.xls,	07-25-2007 14:48:33,	sas2007
CAP_Fieldtrials_Def.xls,	07-25-2007 14:48:43,	sas2007
VT06Warsaw_mn_fixed.xls,	07-25-2007 15:00:02,	sas2007
CAP_Fieldtrials_Def.xls,	07-25-2007 15:00:22,	sas2007
VT06Warsaw_mn_fixed.xls,	07-25-2007 15:03:55,	sas2007
CAP_Fieldtrials_Def.xls,	07-25-2007 15:04:04,	sas2007
VT06Warsaw_mn_fixed.xls,	07-25-2007 15:05:05,	sas2007
CAP_Fieldtrials_Def.xls,	07-25-2007 15:05:14,	sas2007
VT06Warsaw_mn_fixed.xls,	07-25-2007 15:11:58,	sas2007
CAP_Fieldtrials_Def.xls,	07-25-2007 15:12:12,	sas2007
VT06Warsaw_mn_fixed.xls,	07-25-2007 15:14:06,	sas2007
CAP_Fieldtrials_Def.xls,	07-25-2007 15:14:16,	sas2007
VT06Warsaw_mn_fixed.xls,	07-25-2007 15:34:53,	sas2007
CAP_Fieldtrials_Def.xls,	07-25-2007 15:35:02,	sas2007
VT06Warsaw_mn_fixed.xls,	07-25-2007 15:41:42,	sas2007
CAP_Fieldtrials_Def.xls,	07-25-2007 15:41:50,	sas2007
CAP_Fieldtrials_Def.xls,	07-25-2007 15:45:13,	sas2007
CAP_Fieldtrials_Def.xls,	07-25-2007 15:47:54,	sas2007
VT06Warsaw_mn_fixed.xls,	07-25-2007 15:57:43,	sas2007
CAP_Fieldtrials_Def.xls,	07-25-2007 15:57:52,	sas2007
VT06Blacksburg_mn_fixed.xls,	07-25-2007 16:06:19,	sas2007
CAP_Fieldtrials_Def.xls,	07-25-2007 16:06:30,	sas2007
VT06Blacksburg_mn_fixed.xls,	07-25-2007 16:07:28,	sas2007
CAP_Fieldtrials_Def.xls,	07-25-2007 16:07:38,	sas2007
VT06Blacksburg_mn_fixed.xls,	07-25-2007 16:09:12,	sas2007
CAP_Fieldtrials_Def.xls,	07-25-2007 16:09:21,	sas2007
CAP_Fieldtrials_Def.xls,	07-25-2007 16:17:07,	sas2007
VT06Blacksburg_mn_fixed.xls,	07-25-2007 16:17:47,	sas2007
CAP_Fieldtrials_Def.xls,	07-25-2007 16:17:56,	sas2007
MN06Crookston-Fixed.xls,	07-26-2007 12:15:54,	Ethan
crookston_definition.xls.xls,	07-26-2007 12:16:18,	Ethan
crookston_def.xls,	07-26-2007 12:24:24,	Ethan
MN06Crookston-Fixed.xls,	07-26-2007 12:26:32,	Ethan
crookston_def.xls,	07-26-2007 12:26:39,	Ethan
MN06Crookston-Fixed.xls,	07-26-2007 12:28:25,	Ethan
crookston_def.xls,	07-26-2007 12:28:34,	Ethan
MN06StPaul_mn.xls,	07-26-2007 15:56:31,	Ethan
crookston_def.xls,	07-26-2007 15:56:41,	Ethan
MN06Morris_mn.xls,	07-26-2007 15:58:18,	Ethan
crookston_def.xls,	07-26-2007 15:58:28,	Ethan
Barley_BinMap_2005.xls,	07-27-2007 10:20:47,	sas2007
Graingenes_Map_Def.xls,	07-27-2007 10:21:11,	sas2007
Graingenes_Map_Def.xls,	07-27-2007 10:25:49,	sas2007
Graingenes_Map_Def.xls,	07-27-2007 10:30:44,	sas2007
Barley_Consensus_2006_Stein.xls,	07-27-2007 10:36:40,	sas2007
Graingenes_Map_Def.xls,	07-27-2007 10:36:58,	sas2007
Barley_B73xCPI.xls,	07-27-2007 10:46:26,	sas2007
Graingenes_Map_Def.xls,	07-27-2007 10:46:41,	sas2007
Barley_consensus_2.xls,	07-27-2007 10:50:00,	sas2007
Graingenes_Map_Def.xls,	07-27-2007 10:50:14,	sas2007
Barley_consensus_2003.xls,	07-27-2007 10:52:28,	sas2007
Graingenes_Map_Def.xls,	07-27-2007 10:52:38,	sas2007
Barley_Consensus_2005_SNP.xls,	07-27-2007 10:54:16,	sas2007
Graingenes_Map_Def.xls,	07-27-2007 10:54:29,	sas2007
Barley_genes_2.xls,	07-27-2007 10:56:25,	sas2007
Graingenes_Map_Def.xls,	07-27-2007 10:56:37,	sas2007
Barley_L94_x_Vada_2006.xls,	07-27-2007 11:01:48,	sas2007
Graingenes_Map_Def.xls,	07-27-2007 11:02:07,	sas2007
Barley_Pilot_OPA1_Consensus.xls,	07-27-2007 11:03:16,	sas2007
Graingenes_Map_Def.xls,	07-27-2007 11:03:58,	sas2007
Scri_Consensus_SNP_2005.xls,	07-27-2007 11:05:41,	sas2007
capcore_2h.xls,	07-31-2007 14:34:52,	scriuser1
capcore_examplar.xls,	07-31-2007 14:35:24,	scriuser1
fixed.xls,	08-02-2007 13:28:11,	Ethan
fixed_def.xls,	08-02-2007 13:28:25,	Ethan
fixed_def.xls,	08-02-2007 13:29:10,	Ethan
fixed_def.xls,	08-02-2007 13:34:57,	Ethan
fixed_def.xls,	08-02-2007 13:52:58,	Ethan
N606Williston_mn_fixed.xls,	08-08-2007 11:07:26,	sas2007
CAP_Fieldtrials_Def.xls,	08-08-2007 11:07:49,	sas2007
CAP_Fieldtrials_Def.xls,	08-08-2007 11:13:51,	sas2007
CAP_Fieldtrials_Def.xls,	08-08-2007 11:29:41,	sas2007
N606Sydney_mn_fixed.xls,	08-10-2007 13:55:03,	sas2007
CAP_Fieldtrials_Def.xls,	08-10-2007 13:55:18,	sas2007
N606Sydney_mn_fixed.xls,	08-10-2007 14:00:40,	sas2007
CAP_Fieldtrials_Def.xls,	08-10-2007 14:04:01,	sas2007
N606Osnabrock_mn_fixed.xls,	08-10-2007 15:19:22,	sas2007
CAP_Fieldtrials_Def.xls,	08-10-2007 15:19:35,	sas2007
N606NessonValley_mn_fixed.xls,	08-10-2007 16:34:34,	sas2007
CAP_Fieldtrials_Def.xls,	08-10-2007 16:34:49,	sas2007
N606Minot_mn_fixed.xls,	08-10-2007 16:45:12,	sas2007
CAP_Fieldtrials_Def.xls,	08-10-2007 16:45:24,	sas2007
N606Fargo_mn_fixed.xls,	08-10-2007 16:47:53,	sas2007
CAP_Fieldtrials_Def.xls,	08-10-2007 16:48:12,	sas2007
N606Carrington_mn_fixed.xls,	08-10-2007 16:49:53,	sas2007
CAP_Fieldtrials_Def.xls,	08-10-2007 16:50:04,	sas2007
N206Carrington_mn_fixed.xls,	08-13-2007 10:17:34,	sas2007
CAP_Fieldtrials_Def.xls,	08-13-2007 10:17:48,	sas2007
N206Langdon_mn_fixed.xls,	08-13-2007 10:20:51,	sas2007
CAP_Fieldtrials_Def.xls,	08-13-2007 10:21:01,	sas2007
N206Minot_mn_fixed.xls,	08-13-2007 10:30:51,	sas2007
CAP_Fieldtrials_Def.xls,	08-13-2007 10:31:10,	sas2007
N206NessonValley_mn_fixed.xls,	08-13-2007 10:33:03,	sas2007
CAP_Fieldtrials_Def.xls,	08-13-2007 10:33:15,	sas2007
N206Sydney_mn_fixed.xls,	08-13-2007 10:55:57,	sas2007
CAP_Fieldtrials_Def.xls,	08-13-2007 10:56:08,	sas2007
CAP_Fieldtrials_Def.xls,	08-13-2007 10:57:14,	sas2007
CAP_Fieldtrials_Def.xls,	08-13-2007 10:59:23,	sas2007
CAP_Fieldtrials_Def.xls,	08-13-2007 11:00:12,	sas2007
N206Williston_mn_fixed.xls,	08-13-2007 11:05:14,	sas2007
CAP_Fieldtrials_Def.xls,	08-13-2007 11:05:25,	sas2007
OR06Corvallis_mn_fixed.xls,	08-13-2007 14:37:54,	sas2007
OR06Corvallis_mn_fixed.xls,	08-13-2007 14:38:38,	sas2007
CAP_Fieldtrials_Def_OSU_mn.xls,	08-13-2007 14:38:48,	sas2007
OR06CorvallisQual_fixed.xls,	08-13-2007 14:39:56,	sas2007
CAP_Fieldtrials_Def_OSU_mn.xls,	08-13-2007 14:40:09,	sas2007
CAP_Fieldtrials_Def_OSU_mn.xls,	08-13-2007 14:47:01,	sas2007
CAP_Fieldtrials_Def_OSU_mn.xls,	08-13-2007 15:43:03,	sas2007
OR06Pendleton_mn_fixed.xls,	08-13-2007 15:59:48,	sas2007
CAP_Fieldtrials_Def_OSU_mn.xls,	08-13-2007 16:00:00,	sas2007
OR06PendletonQual_fixed.xls,	08-13-2007 16:01:00,	sas2007
CAP_Fieldtrials_Def_OSU_mn.xls,	08-13-2007 16:01:09,	sas2007
AB06Aberdeen_mn_fixed.xls,	08-13-2007 17:05:57,	sas2007
CAP_Fieldtrials_Def.xls,	08-13-2007 17:06:10,	sas2007
AB06Fenn_mn_fixed.xls,	08-13-2007 17:12:51,	sas2007
CAP_Fieldtrials_Def.xls,	08-13-2007 17:13:04,	sas2007
AB06Filer_mn_fixed.xls,	08-13-2007 17:14:06,	sas2007
CAP_Fieldtrials_Def.xls,	08-13-2007 17:14:16,	sas2007
AB06SodaSprings_mn_fixed.xls,	08-13-2007 17:14:59,	sas2007
CAP_Fieldtrials_Def.xls,	08-13-2007 17:15:07,	sas2007
AB06Tetonia_mn_fixed.xls,	08-13-2007 17:15:47,	sas2007
CAP_Fieldtrials_Def.xls,	08-13-2007 17:15:56,	sas2007
capcore_1h.xls,	08-14-2007 16:43:12,	sas2007
capcore_1h.xls,	08-14-2007 16:43:33,	sas2007
capcore_examplar.xls,	08-14-2007 16:44:44,	sas2007
lines.xls,	08-15-2007 15:03:40,	sas2007
Line_Supplement_Def.xls,	08-15-2007 15:04:06,	sas2007
lines.xls,	08-15-2007 15:12:55,	sas2007
Line_Supplement_Def.xls,	08-15-2007 15:14:00,	sas2007
AB06Fenn_mn_fixed.xls,	08-30-2007 15:49:13,	Ethan
CAP_Fieldtrials_Def.xls,	08-30-2007 15:49:25,	Ethan
Book1.xls,	05-24-2008 15:13:06,	karticramesh@gmail.com
